<?xml version="1.0" encoding="UTF-8"?>
<!-- Generated by org.testng.reporters.JUnitReportReporter -->
<testsuite hostname="LAPTOP-2KQV9F30" failures="0" tests="14" name="testRunner.DsalgoRunner" time="52.348" errors="0" timestamp="2025-04-27T22:41:38 CDT" skipped="0">
  <testcase classname="testRunner.DsalgoRunner" name="runScenario" time="3.796"/>
  <testcase classname="testRunner.DsalgoRunner" name="runScenario" time="3.619"/>
  <testcase classname="testRunner.DsalgoRunner" name="runScenario" time="3.366"/>
  <testcase classname="testRunner.DsalgoRunner" name="runScenario" time="4.044"/>
  <testcase classname="testRunner.DsalgoRunner" name="runScenario" time="3.466"/>
  <testcase classname="testRunner.DsalgoRunner" name="runScenario" time="4.027"/>
  <testcase classname="testRunner.DsalgoRunner" name="runScenario" time="3.784"/>
  <testcase classname="testRunner.DsalgoRunner" name="runScenario" time="3.762"/>
  <testcase classname="testRunner.DsalgoRunner" name="runScenario" time="3.506"/>
  <testcase classname="testRunner.DsalgoRunner" name="runScenario" time="4.637"/>
  <testcase classname="testRunner.DsalgoRunner" name="runScenario" time="3.911"/>
  <testcase classname="testRunner.DsalgoRunner" name="runScenario" time="3.421"/>
  <testcase classname="testRunner.DsalgoRunner" name="runScenario" time="3.729"/>
  <testcase classname="testRunner.DsalgoRunner" name="runScenario" time="3.280"/>
</testsuite> <!-- testRunner.DsalgoRunner -->
