<?xml version="1.0" encoding="UTF-8"?>
<!-- Generated by org.testng.reporters.JUnitReportReporter -->
<testsuite hostname="Muralis-MBP.attlocal.net" failures="0" tests="1" name="testRunner.DsalgoRunner" time="4.140" errors="0" timestamp="2025-04-22T08:39:53 PDT" skipped="0">
  <testcase classname="testRunner.DsalgoRunner" name="runScenario" time="4.140"/>
</testsuite> <!-- testRunner.DsalgoRunner -->
