<?xml version="1.0" encoding="UTF-8"?>
<!-- Generated by org.testng.reporters.JUnitReportReporter -->
<testsuite hostname="LAPTOP-2KQV9F30" failures="3" tests="18" name="testRunner.DsalgoRunner" time="109.376" errors="0" timestamp="2025-05-09T22:25:57 CDT" skipped="0">
  <testcase classname="testRunner.DsalgoRunner" name="runScenario" time="5.811"/>
  <testcase classname="testRunner.DsalgoRunner" name="runScenario" time="4.798"/>
  <testcase classname="testRunner.DsalgoRunner" name="runScenario" time="6.224">
    <failure message="Bug: No alert displayed when clicking Run without entering code." type="java.lang.AssertionError">
      <![CDATA[java.lang.AssertionError: Bug: No alert displayed when clicking Run without entering code.
at org.testng.Assert.fail(Assert.java:111)
at stepDefinitions.StackStep.the_user_is_able_to_see_an_error_message_in_alert_window(StackStep.java:128)
at ✽.The user is able to see an error message in alert window(file:///C:/Workspace/Ds-Algo2025/src/test/resources/Feature/Stack.feature:55)
]]>
    </failure>
  </testcase> <!-- runScenario -->
  <testcase classname="testRunner.DsalgoRunner" name="runScenario" time="7.126"/>
  <testcase classname="testRunner.DsalgoRunner" name="runScenario" time="6.242"/>
  <testcase classname="testRunner.DsalgoRunner" name="runScenario" time="6.155"/>
  <testcase classname="testRunner.DsalgoRunner" name="runScenario" time="6.740"/>
  <testcase classname="testRunner.DsalgoRunner" name="runScenario" time="5.322"/>
  <testcase classname="testRunner.DsalgoRunner" name="runScenario" time="6.403"/>
  <testcase classname="testRunner.DsalgoRunner" name="runScenario" time="6.128"/>
  <testcase classname="testRunner.DsalgoRunner" name="runScenario" time="5.578"/>
  <testcase classname="testRunner.DsalgoRunner" name="runScenario" time="6.508">
    <failure message="Bug: No alert displayed when clicking Run without entering code." type="java.lang.AssertionError">
      <![CDATA[java.lang.AssertionError: Bug: No alert displayed when clicking Run without entering code.
at org.testng.Assert.fail(Assert.java:111)
at stepDefinitions.StackStep.the_user_is_able_to_see_an_error_message_in_alert_window(StackStep.java:128)
at ✽.The user is able to see an error message in alert window(file:///C:/Workspace/Ds-Algo2025/src/test/resources/Feature/Stack.feature:24)
]]>
    </failure>
  </testcase> <!-- runScenario -->
  <testcase classname="testRunner.DsalgoRunner" name="runScenario" time="4.933"/>
  <testcase classname="testRunner.DsalgoRunner" name="runScenario" time="6.758"/>
  <testcase classname="testRunner.DsalgoRunner" name="runScenario" time="7.317"/>
  <testcase classname="testRunner.DsalgoRunner" name="runScenario" time="6.348"/>
  <testcase classname="testRunner.DsalgoRunner" name="runScenario" time="5.738">
    <failure message="Bug: No alert displayed when clicking Run without entering code." type="java.lang.AssertionError">
      <![CDATA[java.lang.AssertionError: Bug: No alert displayed when clicking Run without entering code.
at org.testng.Assert.fail(Assert.java:111)
at stepDefinitions.StackStep.the_user_is_able_to_see_an_error_message_in_alert_window(StackStep.java:128)
at ✽.The user is able to see an error message in alert window(file:///C:/Workspace/Ds-Algo2025/src/test/resources/Feature/Stack.feature:86)
]]>
    </failure>
  </testcase> <!-- runScenario -->
  <testcase classname="testRunner.DsalgoRunner" name="runScenario" time="5.247"/>
</testsuite> <!-- testRunner.DsalgoRunner -->
