<?xml version="1.0" encoding="UTF-8"?>
<!-- Generated by org.testng.reporters.JUnitReportReporter -->
<testsuite hostname="DESKTOP-TCJEROD" failures="12" tests="190" name="testRunner.DsalgoRunner" time="1336.997" errors="3" timestamp="2025-05-11T10:46:58 PDT" skipped="0">
  <testcase classname="testRunner.DsalgoRunner" name="runScenario" time="8.158"/>
  <testcase classname="testRunner.DsalgoRunner" name="runScenario" time="9.862"/>
  <testcase classname="testRunner.DsalgoRunner" name="runScenario" time="6.864"/>
  <testcase classname="testRunner.DsalgoRunner" name="runScenario" time="8.502"/>
  <testcase classname="testRunner.DsalgoRunner" name="runScenario" time="7.288"/>
  <testcase classname="testRunner.DsalgoRunner" name="runScenario" time="3.063"/>
  <testcase classname="testRunner.DsalgoRunner" name="runScenario" time="8.125"/>
  <testcase classname="testRunner.DsalgoRunner" name="runScenario" time="4.887"/>
  <testcase classname="testRunner.DsalgoRunner" name="runScenario" time="8.778">
    <failure message="BUG: Expected message &#039;Submission Successful&#039; but got: &#039;No tests were collected&#039; expected [true] but found [false]" type="java.lang.AssertionError">
      <![CDATA[java.lang.AssertionError: BUG: Expected message 'Submission Successful' but got: 'No tests were collected' expected [true] but found [false]
at org.testng.Assert.fail(Assert.java:111)
at org.testng.Assert.failNotEquals(Assert.java:1590)
at org.testng.Assert.assertTrue(Assert.java:57)
at stepDefinitions.ArraysStep.the_user_gets_success_message_submission_successful_in_the_console(ArraysStep.java:288)
at ✽.The user gets success message Submission successful in the console(file:///C:/Users/Kruthi/dsAlgo2025/Ds-Algo2025/src/test/resources/Feature/Arrays.feature:129)
]]>
    </failure>
  </testcase> <!-- runScenario -->
  <testcase classname="testRunner.DsalgoRunner" name="runScenario" time="10.691"/>
  <testcase classname="testRunner.DsalgoRunner" name="runScenario" time="7.638"/>
  <testcase classname="testRunner.DsalgoRunner" name="runScenario" time="8.397"/>
  <testcase classname="testRunner.DsalgoRunner" name="runScenario" time="9.001"/>
  <testcase classname="testRunner.DsalgoRunner" name="runScenario" time="6.076"/>
  <testcase classname="testRunner.DsalgoRunner" name="runScenario" time="5.427"/>
  <testcase classname="testRunner.DsalgoRunner" name="runScenario" time="3.341"/>
  <testcase classname="testRunner.DsalgoRunner" name="runScenario" time="8.679"/>
  <testcase classname="testRunner.DsalgoRunner" name="runScenario" time="6.952"/>
  <testcase classname="testRunner.DsalgoRunner" name="runScenario" time="5.577"/>
  <testcase classname="testRunner.DsalgoRunner" name="runScenario" time="6.699"/>
  <testcase classname="testRunner.DsalgoRunner" name="runScenario" time="10.475"/>
  <testcase classname="testRunner.DsalgoRunner" name="runScenario" time="8.645"/>
  <testcase classname="testRunner.DsalgoRunner" name="runScenario" time="10.475"/>
  <testcase classname="testRunner.DsalgoRunner" name="runScenario" time="9.479"/>
  <testcase classname="testRunner.DsalgoRunner" name="runScenario" time="8.577"/>
  <testcase classname="testRunner.DsalgoRunner" name="runScenario" time="8.861"/>
  <testcase classname="testRunner.DsalgoRunner" name="runScenario" time="7.491">
    <failure message="Bug: No alert displayed when clicking Run without entering code." type="java.lang.AssertionError">
      <![CDATA[java.lang.AssertionError: Bug: No alert displayed when clicking Run without entering code.
at org.testng.Assert.fail(Assert.java:111)
at stepDefinitions.StackStep.the_user_is_able_to_see_an_error_message_in_alert_window(StackStep.java:117)
at ✽.The user is able to see an error message in alert window(file:///C:/Users/Kruthi/dsAlgo2025/Ds-Algo2025/src/test/resources/Feature/Stack.feature:86)
]]>
    </failure>
  </testcase> <!-- runScenario -->
  <testcase classname="testRunner.DsalgoRunner" name="runScenario" time="9.803"/>
  <testcase classname="testRunner.DsalgoRunner" name="runScenario" time="3.594"/>
  <testcase classname="testRunner.DsalgoRunner" name="runScenario" time="7.057"/>
  <testcase classname="testRunner.DsalgoRunner" name="runScenario" time="8.791"/>
  <testcase classname="testRunner.DsalgoRunner" name="runScenario" time="4.715"/>
  <testcase classname="testRunner.DsalgoRunner" name="runScenario" time="3.446"/>
  <testcase classname="testRunner.DsalgoRunner" name="runScenario" time="5.344"/>
  <testcase classname="testRunner.DsalgoRunner" name="runScenario" time="6.457"/>
  <testcase classname="testRunner.DsalgoRunner" name="runScenario" time="10.032"/>
  <testcase classname="testRunner.DsalgoRunner" name="runScenario" time="6.333"/>
  <testcase classname="testRunner.DsalgoRunner" name="runScenario" time="5.435"/>
  <testcase classname="testRunner.DsalgoRunner" name="runScenario" time="6.412"/>
  <testcase classname="testRunner.DsalgoRunner" name="runScenario" time="4.683"/>
  <testcase classname="testRunner.DsalgoRunner" name="runScenario" time="3.542"/>
  <testcase classname="testRunner.DsalgoRunner" name="runScenario" time="10.110"/>
  <testcase classname="testRunner.DsalgoRunner" name="runScenario" time="6.630"/>
  <testcase classname="testRunner.DsalgoRunner" name="runScenario" time="5.783"/>
  <testcase classname="testRunner.DsalgoRunner" name="runScenario" time="5.531"/>
  <testcase classname="testRunner.DsalgoRunner" name="runScenario" time="10.954"/>
  <testcase classname="testRunner.DsalgoRunner" name="runScenario" time="6.033"/>
  <testcase classname="testRunner.DsalgoRunner" name="runScenario" time="5.962"/>
  <testcase classname="testRunner.DsalgoRunner" name="runScenario" time="10.676"/>
  <testcase classname="testRunner.DsalgoRunner" name="runScenario" time="15.604"/>
  <testcase classname="testRunner.DsalgoRunner" name="runScenario" time="4.350"/>
  <testcase classname="testRunner.DsalgoRunner" name="runScenario" time="6.149"/>
  <testcase classname="testRunner.DsalgoRunner" name="runScenario" time="7.973"/>
  <testcase classname="testRunner.DsalgoRunner" name="runScenario" time="3.406"/>
  <testcase classname="testRunner.DsalgoRunner" name="runScenario" time="10.239"/>
  <testcase classname="testRunner.DsalgoRunner" name="runScenario" time="9.080">
    <failure message="expected [true] but found [false]" type="java.lang.AssertionError">
      <![CDATA[java.lang.AssertionError: expected [true] but found [false]
at org.testng.Assert.fail(Assert.java:111)
at org.testng.Assert.failNotEquals(Assert.java:1590)
at org.testng.Assert.assertTrue(Assert.java:57)
at org.testng.Assert.assertTrue(Assert.java:67)
at stepDefinitions.TreeSteps.user_should_see_error_message_in_alert_window(TreeSteps.java:121)
at ✽.user should see  error message in alert window(file:///C:/Users/Kruthi/dsAlgo2025/Ds-Algo2025/src/test/resources/Feature/Tree.feature:68)
]]>
    </failure>
  </testcase> <!-- runScenario -->
  <testcase classname="testRunner.DsalgoRunner" name="runScenario" time="8.506"/>
  <testcase classname="testRunner.DsalgoRunner" name="runScenario" time="10.058"/>
  <testcase classname="testRunner.DsalgoRunner" name="runScenario" time="8.385"/>
  <testcase classname="testRunner.DsalgoRunner" name="runScenario" time="3.067"/>
  <testcase classname="testRunner.DsalgoRunner" name="runScenario" time="8.833"/>
  <testcase classname="testRunner.DsalgoRunner" name="runScenario" time="3.647"/>
  <testcase classname="testRunner.DsalgoRunner" name="runScenario" time="5.181"/>
  <testcase classname="testRunner.DsalgoRunner" name="runScenario" time="8.208"/>
  <testcase classname="testRunner.DsalgoRunner" name="runScenario" time="5.591"/>
  <testcase classname="testRunner.DsalgoRunner" name="runScenario" time="8.424"/>
  <testcase classname="testRunner.DsalgoRunner" name="runScenario" time="5.810"/>
  <testcase classname="testRunner.DsalgoRunner" name="runScenario" time="5.398"/>
  <testcase classname="testRunner.DsalgoRunner" name="runScenario" time="5.465"/>
  <testcase classname="testRunner.DsalgoRunner" name="runScenario" time="5.707"/>
  <testcase classname="testRunner.DsalgoRunner" name="runScenario" time="13.927"/>
  <testcase classname="testRunner.DsalgoRunner" name="runScenario" time="9.544"/>
  <testcase classname="testRunner.DsalgoRunner" name="runScenario" time="9.485"/>
  <testcase classname="testRunner.DsalgoRunner" name="runScenario" time="7.239"/>
  <testcase classname="testRunner.DsalgoRunner" name="runScenario" time="3.664"/>
  <testcase classname="testRunner.DsalgoRunner" name="runScenario" time="8.161"/>
  <testcase classname="testRunner.DsalgoRunner" name="runScenario" time="3.229"/>
  <testcase classname="testRunner.DsalgoRunner" name="runScenario" time="5.932"/>
  <testcase classname="testRunner.DsalgoRunner" name="runScenario" time="15.214"/>
  <testcase classname="testRunner.DsalgoRunner" name="runScenario" time="4.184">
    <error message="stale element reference: stale element not found
  (Session info: chrome=136.0.7103.93)
For documentation on this error, please visit: https://www.selenium.dev/documentation/webdriver/troubleshooting/errors#stale-element-reference-exception
Build info: version: &#039;4.29.0&#039;, revision: &#039;5fc1ec94cb&#039;
System info: os.name: &#039;Windows 10&#039;, os.arch: &#039;amd64&#039;, os.version: &#039;10.0&#039;, java.version: &#039;23.0.2&#039;
Driver info: org.openqa.selenium.chrome.ChromeDriver
Command: [11c63deaa82b4eaa3a1e58fdf33f330f, actions {actions=[org.openqa.selenium.interactions.Sequence@106387cf]}]
Capabilities {acceptInsecureCerts: false, browserName: chrome, browserVersion: 136.0.7103.93, chrome: {chromedriverVersion: 136.0.7103.92 (cb81a4cc5087..., userDataDir: C:\Users\Kruthi\AppData\Loc...}, fedcm:accounts: true, goog:chromeOptions: {debuggerAddress: localhost:49453}, networkConnectionEnabled: false, pageLoadStrategy: normal, platformName: windows, proxy: Proxy(), se:cdp: ws://localhost:49453/devtoo..., se:cdpVersion: 136.0.7103.93, setWindowRect: true, strictFileInteractability: false, timeouts: {implicit: 0, pageLoad: 300000, script: 30000}, unhandledPromptBehavior: dismiss and notify, webauthn:extension:credBlob: true, webauthn:extension:largeBlob: true, webauthn:extension:minPinLength: true, webauthn:extension:prf: true, webauthn:virtualAuthenticators: true}
Session ID: 11c63deaa82b4eaa3a1e58fdf33f330f" type="org.openqa.selenium.StaleElementReferenceException">
      <![CDATA[org.openqa.selenium.StaleElementReferenceException: stale element reference: stale element not found
  (Session info: chrome=136.0.7103.93)
For documentation on this error, please visit: https://www.selenium.dev/documentation/webdriver/troubleshooting/errors#stale-element-reference-exception
Build info: version: '4.29.0', revision: '5fc1ec94cb'
System info: os.name: 'Windows 10', os.arch: 'amd64', os.version: '10.0', java.version: '23.0.2'
Driver info: org.openqa.selenium.chrome.ChromeDriver
Command: [11c63deaa82b4eaa3a1e58fdf33f330f, actions {actions=[org.openqa.selenium.interactions.Sequence@106387cf]}]
Capabilities {acceptInsecureCerts: false, browserName: chrome, browserVersion: 136.0.7103.93, chrome: {chromedriverVersion: 136.0.7103.92 (cb81a4cc5087..., userDataDir: C:\Users\Kruthi\AppData\Loc...}, fedcm:accounts: true, goog:chromeOptions: {debuggerAddress: localhost:49453}, networkConnectionEnabled: false, pageLoadStrategy: normal, platformName: windows, proxy: Proxy(), se:cdp: ws://localhost:49453/devtoo..., se:cdpVersion: 136.0.7103.93, setWindowRect: true, strictFileInteractability: false, timeouts: {implicit: 0, pageLoad: 300000, script: 30000}, unhandledPromptBehavior: dismiss and notify, webauthn:extension:credBlob: true, webauthn:extension:largeBlob: true, webauthn:extension:minPinLength: true, webauthn:extension:prf: true, webauthn:virtualAuthenticators: true}
Session ID: 11c63deaa82b4eaa3a1e58fdf33f330f
at java.base/jdk.internal.reflect.DirectConstructorHandleAccessor.newInstance(DirectConstructorHandleAccessor.java:62)
at java.base/java.lang.reflect.Constructor.newInstanceWithCaller(Constructor.java:501)
at java.base/java.lang.reflect.Constructor.newInstance(Constructor.java:485)
at org.openqa.selenium.remote.ErrorCodec.decode(ErrorCodec.java:167)
at org.openqa.selenium.remote.codec.w3c.W3CHttpResponseCodec.decode(W3CHttpResponseCodec.java:138)
at org.openqa.selenium.remote.codec.w3c.W3CHttpResponseCodec.decode(W3CHttpResponseCodec.java:50)
at org.openqa.selenium.remote.HttpCommandExecutor.execute(HttpCommandExecutor.java:215)
at org.openqa.selenium.remote.service.DriverCommandExecutor.invokeExecute(DriverCommandExecutor.java:216)
at org.openqa.selenium.remote.service.DriverCommandExecutor.execute(DriverCommandExecutor.java:174)
at org.openqa.selenium.remote.RemoteWebDriver.execute(RemoteWebDriver.java:545)
at org.openqa.selenium.remote.RemoteWebDriver.perform(RemoteWebDriver.java:631)
at org.openqa.selenium.interactions.Actions$BuiltAction.perform(Actions.java:616)
at org.openqa.selenium.interactions.Actions.perform(Actions.java:581)
at pageObject.ArraysPage.scrollAndClickDataStructuresDropdown(ArraysPage.java:139)
at stepDefinitions.ArraysStep.the_user_scrolls_down_to_the_data_structures_dropdown_and_selects_array(ArraysStep.java:47)
at ✽.The user scrolls down to the Data Structures dropdown and selects Array(file:///C:/Users/Kruthi/dsAlgo2025/Ds-Algo2025/src/test/resources/Feature/Arrays.feature:5)
]]>
    </error>
  </testcase> <!-- runScenario -->
  <testcase classname="testRunner.DsalgoRunner" name="runScenario" time="4.996"/>
  <testcase classname="testRunner.DsalgoRunner" name="runScenario" time="8.452"/>
  <testcase classname="testRunner.DsalgoRunner" name="runScenario" time="6.964"/>
  <testcase classname="testRunner.DsalgoRunner" name="runScenario" time="6.622"/>
  <testcase classname="testRunner.DsalgoRunner" name="runScenario" time="8.305"/>
  <testcase classname="testRunner.DsalgoRunner" name="runScenario" time="11.235"/>
  <testcase classname="testRunner.DsalgoRunner" name="runScenario" time="8.525"/>
  <testcase classname="testRunner.DsalgoRunner" name="runScenario" time="8.960">
    <failure message="BUG: Expected message &#039;Submission Successful&#039; but got: &#039;Some Tests failed. Please review code&#039; expected [true] but found [false]" type="java.lang.AssertionError">
      <![CDATA[java.lang.AssertionError: BUG: Expected message 'Submission Successful' but got: 'Some Tests failed. Please review code' expected [true] but found [false]
at org.testng.Assert.fail(Assert.java:111)
at org.testng.Assert.failNotEquals(Assert.java:1590)
at org.testng.Assert.assertTrue(Assert.java:57)
at stepDefinitions.ArraysStep.the_user_gets_success_message_submission_successful_in_the_console(ArraysStep.java:288)
at ✽.The user gets success message Submission successful in the console(file:///C:/Users/Kruthi/dsAlgo2025/Ds-Algo2025/src/test/resources/Feature/Arrays.feature:69)
]]>
    </failure>
  </testcase> <!-- runScenario -->
  <testcase classname="testRunner.DsalgoRunner" name="runScenario" time="9.131"/>
  <testcase classname="testRunner.DsalgoRunner" name="runScenario" time="7.249"/>
  <testcase classname="testRunner.DsalgoRunner" name="runScenario" time="3.389"/>
  <testcase classname="testRunner.DsalgoRunner" name="runScenario" time="5.592"/>
  <testcase classname="testRunner.DsalgoRunner" name="runScenario" time="3.533"/>
  <testcase classname="testRunner.DsalgoRunner" name="runScenario" time="5.886"/>
  <testcase classname="testRunner.DsalgoRunner" name="runScenario" time="3.292"/>
  <testcase classname="testRunner.DsalgoRunner" name="runScenario" time="7.251"/>
  <testcase classname="testRunner.DsalgoRunner" name="runScenario" time="4.897"/>
  <testcase classname="testRunner.DsalgoRunner" name="runScenario" time="7.982"/>
  <testcase classname="testRunner.DsalgoRunner" name="runScenario" time="5.278"/>
  <testcase classname="testRunner.DsalgoRunner" name="runScenario" time="5.626"/>
  <testcase classname="testRunner.DsalgoRunner" name="runScenario" time="3.488"/>
  <testcase classname="testRunner.DsalgoRunner" name="runScenario" time="11.076">
    <failure message="BUG: Expected message &#039;Submission Successful&#039; but got: &#039;Error occurred during submission&#039; expected [true] but found [false]" type="java.lang.AssertionError">
      <![CDATA[java.lang.AssertionError: BUG: Expected message 'Submission Successful' but got: 'Error occurred during submission' expected [true] but found [false]
at org.testng.Assert.fail(Assert.java:111)
at org.testng.Assert.failNotEquals(Assert.java:1590)
at org.testng.Assert.assertTrue(Assert.java:57)
at stepDefinitions.ArraysStep.the_user_gets_success_message_submission_successful_in_the_console(ArraysStep.java:288)
at ✽.The user gets success message Submission successful in the console(file:///C:/Users/Kruthi/dsAlgo2025/Ds-Algo2025/src/test/resources/Feature/Arrays.feature:109)
]]>
    </failure>
  </testcase> <!-- runScenario -->
  <testcase classname="testRunner.DsalgoRunner" name="runScenario" time="4.712"/>
  <testcase classname="testRunner.DsalgoRunner" name="runScenario" time="4.421"/>
  <testcase classname="testRunner.DsalgoRunner" name="runScenario" time="5.677"/>
  <testcase classname="testRunner.DsalgoRunner" name="runScenario" time="3.216"/>
  <testcase classname="testRunner.DsalgoRunner" name="runScenario" time="4.523"/>
  <testcase classname="testRunner.DsalgoRunner" name="runScenario" time="6.533"/>
  <testcase classname="testRunner.DsalgoRunner" name="runScenario" time="3.585"/>
  <testcase classname="testRunner.DsalgoRunner" name="runScenario" time="6.770"/>
  <testcase classname="testRunner.DsalgoRunner" name="runScenario" time="5.425"/>
  <testcase classname="testRunner.DsalgoRunner" name="runScenario" time="9.800"/>
  <testcase classname="testRunner.DsalgoRunner" name="runScenario" time="6.257"/>
  <testcase classname="testRunner.DsalgoRunner" name="runScenario" time="9.514"/>
  <testcase classname="testRunner.DsalgoRunner" name="runScenario" time="9.201"/>
  <testcase classname="testRunner.DsalgoRunner" name="runScenario" time="6.485"/>
  <testcase classname="testRunner.DsalgoRunner" name="runScenario" time="9.633"/>
  <testcase classname="testRunner.DsalgoRunner" name="runScenario" time="4.800"/>
  <testcase classname="testRunner.DsalgoRunner" name="runScenario" time="6.519"/>
  <testcase classname="testRunner.DsalgoRunner" name="runScenario" time="11.861"/>
  <testcase classname="testRunner.DsalgoRunner" name="runScenario" time="10.206"/>
  <testcase classname="testRunner.DsalgoRunner" name="runScenario" time="9.982"/>
  <testcase classname="testRunner.DsalgoRunner" name="runScenario" time="4.784"/>
  <testcase classname="testRunner.DsalgoRunner" name="runScenario" time="4.388">
    <error message="stale element reference: stale element not found
  (Session info: chrome=136.0.7103.93)
For documentation on this error, please visit: https://www.selenium.dev/documentation/webdriver/troubleshooting/errors#stale-element-reference-exception
Build info: version: &#039;4.29.0&#039;, revision: &#039;5fc1ec94cb&#039;
System info: os.name: &#039;Windows 10&#039;, os.arch: &#039;amd64&#039;, os.version: &#039;10.0&#039;, java.version: &#039;23.0.2&#039;
Driver info: org.openqa.selenium.chrome.ChromeDriver
Command: [17a90a03a157b7e1ce76e9b6aa9c9bc5, actions {actions=[org.openqa.selenium.interactions.Sequence@3832c49a]}]
Capabilities {acceptInsecureCerts: false, browserName: chrome, browserVersion: 136.0.7103.93, chrome: {chromedriverVersion: 136.0.7103.92 (cb81a4cc5087..., userDataDir: C:\Users\Kruthi\AppData\Loc...}, fedcm:accounts: true, goog:chromeOptions: {debuggerAddress: localhost:54537}, networkConnectionEnabled: false, pageLoadStrategy: normal, platformName: windows, proxy: Proxy(), se:cdp: ws://localhost:54537/devtoo..., se:cdpVersion: 136.0.7103.93, setWindowRect: true, strictFileInteractability: false, timeouts: {implicit: 0, pageLoad: 300000, script: 30000}, unhandledPromptBehavior: dismiss and notify, webauthn:extension:credBlob: true, webauthn:extension:largeBlob: true, webauthn:extension:minPinLength: true, webauthn:extension:prf: true, webauthn:virtualAuthenticators: true}
Session ID: 17a90a03a157b7e1ce76e9b6aa9c9bc5" type="org.openqa.selenium.StaleElementReferenceException">
      <![CDATA[org.openqa.selenium.StaleElementReferenceException: stale element reference: stale element not found
  (Session info: chrome=136.0.7103.93)
For documentation on this error, please visit: https://www.selenium.dev/documentation/webdriver/troubleshooting/errors#stale-element-reference-exception
Build info: version: '4.29.0', revision: '5fc1ec94cb'
System info: os.name: 'Windows 10', os.arch: 'amd64', os.version: '10.0', java.version: '23.0.2'
Driver info: org.openqa.selenium.chrome.ChromeDriver
Command: [17a90a03a157b7e1ce76e9b6aa9c9bc5, actions {actions=[org.openqa.selenium.interactions.Sequence@3832c49a]}]
Capabilities {acceptInsecureCerts: false, browserName: chrome, browserVersion: 136.0.7103.93, chrome: {chromedriverVersion: 136.0.7103.92 (cb81a4cc5087..., userDataDir: C:\Users\Kruthi\AppData\Loc...}, fedcm:accounts: true, goog:chromeOptions: {debuggerAddress: localhost:54537}, networkConnectionEnabled: false, pageLoadStrategy: normal, platformName: windows, proxy: Proxy(), se:cdp: ws://localhost:54537/devtoo..., se:cdpVersion: 136.0.7103.93, setWindowRect: true, strictFileInteractability: false, timeouts: {implicit: 0, pageLoad: 300000, script: 30000}, unhandledPromptBehavior: dismiss and notify, webauthn:extension:credBlob: true, webauthn:extension:largeBlob: true, webauthn:extension:minPinLength: true, webauthn:extension:prf: true, webauthn:virtualAuthenticators: true}
Session ID: 17a90a03a157b7e1ce76e9b6aa9c9bc5
at java.base/jdk.internal.reflect.DirectConstructorHandleAccessor.newInstance(DirectConstructorHandleAccessor.java:62)
at java.base/java.lang.reflect.Constructor.newInstanceWithCaller(Constructor.java:501)
at java.base/java.lang.reflect.Constructor.newInstance(Constructor.java:485)
at org.openqa.selenium.remote.ErrorCodec.decode(ErrorCodec.java:167)
at org.openqa.selenium.remote.codec.w3c.W3CHttpResponseCodec.decode(W3CHttpResponseCodec.java:138)
at org.openqa.selenium.remote.codec.w3c.W3CHttpResponseCodec.decode(W3CHttpResponseCodec.java:50)
at org.openqa.selenium.remote.HttpCommandExecutor.execute(HttpCommandExecutor.java:215)
at org.openqa.selenium.remote.service.DriverCommandExecutor.invokeExecute(DriverCommandExecutor.java:216)
at org.openqa.selenium.remote.service.DriverCommandExecutor.execute(DriverCommandExecutor.java:174)
at org.openqa.selenium.remote.RemoteWebDriver.execute(RemoteWebDriver.java:545)
at org.openqa.selenium.remote.RemoteWebDriver.perform(RemoteWebDriver.java:631)
at org.openqa.selenium.interactions.Actions$BuiltAction.perform(Actions.java:616)
at org.openqa.selenium.interactions.Actions.perform(Actions.java:581)
at pageObject.StackPage.scrollAndClickDataStructuresDropdown(StackPage.java:74)
at stepDefinitions.StackStep.the_user_scrolls_down_to_the_data_structures_dropdown_and_selects_stack(StackStep.java:44)
at ✽.The user scrolls down to the Data Structures dropdown and selects Stack(file:///C:/Users/Kruthi/dsAlgo2025/Ds-Algo2025/src/test/resources/Feature/Stack.feature:7)
]]>
    </error>
  </testcase> <!-- runScenario -->
  <testcase classname="testRunner.DsalgoRunner" name="runScenario" time="9.611"/>
  <testcase classname="testRunner.DsalgoRunner" name="runScenario" time="8.662">
    <failure message="alert not present" type="java.lang.AssertionError">
      <![CDATA[java.lang.AssertionError: alert not present
at org.testng.Assert.fail(Assert.java:111)
at stepDefinitions.DataStructuresSteps.user_should_see_alert_window_and_can_not_click_on_run_button(DataStructuresSteps.java:164)
at ✽.user should see alert window and can not click on run button(file:///C:/Users/Kruthi/dsAlgo2025/Ds-Algo2025/src/test/resources/Feature/DataStructure.feature:45)
]]>
    </failure>
  </testcase> <!-- runScenario -->
  <testcase classname="testRunner.DsalgoRunner" name="runScenario" time="5.747">
    <error message="element click intercepted: Element &lt;input type=&quot;submit&quot; value=&quot;Login&quot;&gt; is not clickable at point (1153, 127). Other element would receive the click: &lt;iframe scrolling=&quot;no&quot; frameborder=&quot;0&quot; src=&quot;https://gc.kis.v2.scr.kaspersky-labs.com/E3E8934C-235A-4B0E-825A-35A08381A191/kpm/kpm_promo_balloon.html?cssSrc=https%3A%2F%2Fgc.kis.v2.scr.kaspersky-labs.com%2FE3E8934C-235A-4B0E-825A-35A08381A191%2Fkpm%2Ftooltip.css&quot; style=&quot;border: 0px; height: 50px; width: 48px; left: 1121px; top: 102px; z-index: 2147483647; position: absolute;&quot;&gt;&lt;/iframe&gt;
  (Session info: chrome=136.0.7103.93)
Build info: version: &#039;4.29.0&#039;, revision: &#039;5fc1ec94cb&#039;
System info: os.name: &#039;Windows 10&#039;, os.arch: &#039;amd64&#039;, os.version: &#039;10.0&#039;, java.version: &#039;23.0.2&#039;
Driver info: org.openqa.selenium.chrome.ChromeDriver
Command: [8f36bc4f4669acb3aa5a061c4e47ffe0, clickElement {id=f.3546B2DC32F38C61F7984266BCBEB290.d.52514E44581FD3AA84F4FC3FAE675557.e.13}]
Capabilities {acceptInsecureCerts: false, browserName: chrome, browserVersion: 136.0.7103.93, chrome: {chromedriverVersion: 136.0.7103.92 (cb81a4cc5087..., userDataDir: C:\Users\Kruthi\AppData\Loc...}, fedcm:accounts: true, goog:chromeOptions: {debuggerAddress: localhost:53271}, networkConnectionEnabled: false, pageLoadStrategy: normal, platformName: windows, proxy: Proxy(), se:cdp: ws://localhost:53271/devtoo..., se:cdpVersion: 136.0.7103.93, setWindowRect: true, strictFileInteractability: false, timeouts: {implicit: 0, pageLoad: 300000, script: 30000}, unhandledPromptBehavior: dismiss and notify, webauthn:extension:credBlob: true, webauthn:extension:largeBlob: true, webauthn:extension:minPinLength: true, webauthn:extension:prf: true, webauthn:virtualAuthenticators: true}
Element: [[ChromeDriver: chrome on windows (8f36bc4f4669acb3aa5a061c4e47ffe0)] -&gt; xpath: //input[@value=&#039;Login&#039;]]
Session ID: 8f36bc4f4669acb3aa5a061c4e47ffe0" type="org.openqa.selenium.ElementClickInterceptedException">
      <![CDATA[org.openqa.selenium.ElementClickInterceptedException: element click intercepted: Element <input type="submit" value="Login"> is not clickable at point (1153, 127). Other element would receive the click: <iframe scrolling="no" frameborder="0" src="https://gc.kis.v2.scr.kaspersky-labs.com/E3E8934C-235A-4B0E-825A-35A08381A191/kpm/kpm_promo_balloon.html?cssSrc=https%3A%2F%2Fgc.kis.v2.scr.kaspersky-labs.com%2FE3E8934C-235A-4B0E-825A-35A08381A191%2Fkpm%2Ftooltip.css" style="border: 0px; height: 50px; width: 48px; left: 1121px; top: 102px; z-index: 2147483647; position: absolute;"></iframe>
  (Session info: chrome=136.0.7103.93)
Build info: version: '4.29.0', revision: '5fc1ec94cb'
System info: os.name: 'Windows 10', os.arch: 'amd64', os.version: '10.0', java.version: '23.0.2'
Driver info: org.openqa.selenium.chrome.ChromeDriver
Command: [8f36bc4f4669acb3aa5a061c4e47ffe0, clickElement {id=f.3546B2DC32F38C61F7984266BCBEB290.d.52514E44581FD3AA84F4FC3FAE675557.e.13}]
Capabilities {acceptInsecureCerts: false, browserName: chrome, browserVersion: 136.0.7103.93, chrome: {chromedriverVersion: 136.0.7103.92 (cb81a4cc5087..., userDataDir: C:\Users\Kruthi\AppData\Loc...}, fedcm:accounts: true, goog:chromeOptions: {debuggerAddress: localhost:53271}, networkConnectionEnabled: false, pageLoadStrategy: normal, platformName: windows, proxy: Proxy(), se:cdp: ws://localhost:53271/devtoo..., se:cdpVersion: 136.0.7103.93, setWindowRect: true, strictFileInteractability: false, timeouts: {implicit: 0, pageLoad: 300000, script: 30000}, unhandledPromptBehavior: dismiss and notify, webauthn:extension:credBlob: true, webauthn:extension:largeBlob: true, webauthn:extension:minPinLength: true, webauthn:extension:prf: true, webauthn:virtualAuthenticators: true}
Element: [[ChromeDriver: chrome on windows (8f36bc4f4669acb3aa5a061c4e47ffe0)] -> xpath: //input[@value='Login']]
Session ID: 8f36bc4f4669acb3aa5a061c4e47ffe0
at java.base/jdk.internal.reflect.DirectConstructorHandleAccessor.newInstance(DirectConstructorHandleAccessor.java:62)
at java.base/java.lang.reflect.Constructor.newInstanceWithCaller(Constructor.java:501)
at java.base/java.lang.reflect.Constructor.newInstance(Constructor.java:485)
at org.openqa.selenium.remote.ErrorCodec.decode(ErrorCodec.java:167)
at org.openqa.selenium.remote.codec.w3c.W3CHttpResponseCodec.decode(W3CHttpResponseCodec.java:138)
at org.openqa.selenium.remote.codec.w3c.W3CHttpResponseCodec.decode(W3CHttpResponseCodec.java:50)
at org.openqa.selenium.remote.HttpCommandExecutor.execute(HttpCommandExecutor.java:215)
at org.openqa.selenium.remote.service.DriverCommandExecutor.invokeExecute(DriverCommandExecutor.java:216)
at org.openqa.selenium.remote.service.DriverCommandExecutor.execute(DriverCommandExecutor.java:174)
at org.openqa.selenium.remote.RemoteWebDriver.execute(RemoteWebDriver.java:545)
at org.openqa.selenium.remote.RemoteWebElement.execute(RemoteWebElement.java:223)
at org.openqa.selenium.remote.RemoteWebElement.click(RemoteWebElement.java:76)
at java.base/jdk.internal.reflect.DirectMethodHandleAccessor.invoke(DirectMethodHandleAccessor.java:103)
at java.base/java.lang.reflect.Method.invoke(Method.java:580)
at org.openqa.selenium.support.pagefactory.internal.LocatingElementHandler.invoke(LocatingElementHandler.java:51)
at jdk.proxy2/jdk.proxy2.$Proxy42.click(Unknown Source)
at pageObject.LoginPF.login_button(LoginPF.java:97)
at pageObject.LoginPF.clickLoginwithoutusername(LoginPF.java:120)
at stepDefinitions.LoginSteps.the_user_leave_the_username_field_empty_and_click_login(LoginSteps.java:67)
at ✽.The user leave the username field empty and click login(file:///C:/Users/Kruthi/dsAlgo2025/Ds-Algo2025/src/test/resources/Feature/Login.feature:14)
]]>
    </error>
  </testcase> <!-- runScenario -->
  <testcase classname="testRunner.DsalgoRunner" name="runScenario" time="9.303"/>
  <testcase classname="testRunner.DsalgoRunner" name="runScenario" time="7.794"/>
  <testcase classname="testRunner.DsalgoRunner" name="runScenario" time="10.121"/>
  <testcase classname="testRunner.DsalgoRunner" name="runScenario" time="9.209"/>
  <testcase classname="testRunner.DsalgoRunner" name="runScenario" time="7.727"/>
  <testcase classname="testRunner.DsalgoRunner" name="runScenario" time="4.438"/>
  <testcase classname="testRunner.DsalgoRunner" name="runScenario" time="8.841"/>
  <testcase classname="testRunner.DsalgoRunner" name="runScenario" time="5.279"/>
  <testcase classname="testRunner.DsalgoRunner" name="runScenario" time="8.602">
    <failure message="expected [true] but found [false]" type="java.lang.AssertionError">
      <![CDATA[java.lang.AssertionError: expected [true] but found [false]
at org.testng.Assert.fail(Assert.java:111)
at org.testng.Assert.failNotEquals(Assert.java:1590)
at org.testng.Assert.assertTrue(Assert.java:57)
at org.testng.Assert.assertTrue(Assert.java:67)
at stepDefinitions.DataStructuresSteps.user_should_see_the_error_message_in_alert_window(DataStructuresSteps.java:127)
at ✽.user should see the error message in alert window(file:///C:/Users/Kruthi/dsAlgo2025/Ds-Algo2025/src/test/resources/Feature/DataStructure.feature:31)
]]>
    </failure>
  </testcase> <!-- runScenario -->
  <testcase classname="testRunner.DsalgoRunner" name="runScenario" time="5.083"/>
  <testcase classname="testRunner.DsalgoRunner" name="runScenario" time="6.528"/>
  <testcase classname="testRunner.DsalgoRunner" name="runScenario" time="4.459">
    <failure message="expected [true] but found [false]" type="java.lang.AssertionError">
      <![CDATA[java.lang.AssertionError: expected [true] but found [false]
at org.testng.Assert.fail(Assert.java:111)
at org.testng.Assert.failNotEquals(Assert.java:1590)
at org.testng.Assert.assertTrue(Assert.java:57)
at org.testng.Assert.assertTrue(Assert.java:67)
at stepDefinitions.RegisterSteps.user_should_land_on_home_page_with_title_and_see_the_message(RegisterSteps.java:110)
at ✽.user should land on home page with title "NumpyNinja" and see the message "New Account Created. You are logged in as "(file:///C:/Users/Kruthi/dsAlgo2025/Ds-Algo2025/src/test/resources/Feature/Register.feature:39)
]]>
    </failure>
  </testcase> <!-- runScenario -->
  <testcase classname="testRunner.DsalgoRunner" name="runScenario" time="9.899"/>
  <testcase classname="testRunner.DsalgoRunner" name="runScenario" time="10.252"/>
  <testcase classname="testRunner.DsalgoRunner" name="runScenario" time="5.710"/>
  <testcase classname="testRunner.DsalgoRunner" name="runScenario" time="9.216"/>
  <testcase classname="testRunner.DsalgoRunner" name="runScenario" time="6.927"/>
  <testcase classname="testRunner.DsalgoRunner" name="runScenario" time="5.192"/>
  <testcase classname="testRunner.DsalgoRunner" name="runScenario" time="8.070"/>
  <testcase classname="testRunner.DsalgoRunner" name="runScenario" time="5.679"/>
  <testcase classname="testRunner.DsalgoRunner" name="runScenario" time="9.922"/>
  <testcase classname="testRunner.DsalgoRunner" name="runScenario" time="10.924"/>
  <testcase classname="testRunner.DsalgoRunner" name="runScenario" time="8.843"/>
  <testcase classname="testRunner.DsalgoRunner" name="runScenario" time="9.154">
    <failure message="Bug: No alert displayed when clicking Run without entering code." type="java.lang.AssertionError">
      <![CDATA[java.lang.AssertionError: Bug: No alert displayed when clicking Run without entering code.
at org.testng.Assert.fail(Assert.java:111)
at stepDefinitions.StackStep.the_user_is_able_to_see_an_error_message_in_alert_window(StackStep.java:117)
at ✽.The user is able to see an error message in alert window(file:///C:/Users/Kruthi/dsAlgo2025/Ds-Algo2025/src/test/resources/Feature/Stack.feature:55)
]]>
    </failure>
  </testcase> <!-- runScenario -->
  <testcase classname="testRunner.DsalgoRunner" name="runScenario" time="7.320"/>
  <testcase classname="testRunner.DsalgoRunner" name="runScenario" time="7.136"/>
  <testcase classname="testRunner.DsalgoRunner" name="runScenario" time="7.775">
    <failure message="Bug: No alert displayed when clicking Run without entering code." type="java.lang.AssertionError">
      <![CDATA[java.lang.AssertionError: Bug: No alert displayed when clicking Run without entering code.
at org.testng.Assert.fail(Assert.java:111)
at stepDefinitions.ArraysStep.the_user_should_see_an_error_message_in_alert_window(ArraysStep.java:113)
at ✽.The user should see an error message in alert window(file:///C:/Users/Kruthi/dsAlgo2025/Ds-Algo2025/src/test/resources/Feature/Arrays.feature:22)
]]>
    </failure>
  </testcase> <!-- runScenario -->
  <testcase classname="testRunner.DsalgoRunner" name="runScenario" time="5.421"/>
  <testcase classname="testRunner.DsalgoRunner" name="runScenario" time="6.733"/>
  <testcase classname="testRunner.DsalgoRunner" name="runScenario" time="6.715"/>
  <testcase classname="testRunner.DsalgoRunner" name="runScenario" time="7.568">
    <failure message="Bug: No alert displayed when clicking Run without entering code." type="java.lang.AssertionError">
      <![CDATA[java.lang.AssertionError: Bug: No alert displayed when clicking Run without entering code.
at org.testng.Assert.fail(Assert.java:111)
at stepDefinitions.StackStep.the_user_is_able_to_see_an_error_message_in_alert_window(StackStep.java:117)
at ✽.The user is able to see an error message in alert window(file:///C:/Users/Kruthi/dsAlgo2025/Ds-Algo2025/src/test/resources/Feature/Stack.feature:24)
]]>
    </failure>
  </testcase> <!-- runScenario -->
  <testcase classname="testRunner.DsalgoRunner" name="runScenario" time="2.935"/>
  <testcase classname="testRunner.DsalgoRunner" name="runScenario" time="8.617">
    <failure message="BUG: Expected message &#039;Error occurred&#039; but got: &#039;No tests were collected&#039; expected [true] but found [false]" type="java.lang.AssertionError">
      <![CDATA[java.lang.AssertionError: BUG: Expected message 'Error occurred' but got: 'No tests were collected' expected [true] but found [false]
at org.testng.Assert.fail(Assert.java:111)
at org.testng.Assert.failNotEquals(Assert.java:1590)
at org.testng.Assert.assertTrue(Assert.java:57)
at stepDefinitions.ArraysStep.the_user_gets_error_message_error_occurred_during_submission_in_the_console(ArraysStep.java:269)
at ✽.The user gets error message Error occurred during submission in the console(file:///C:/Users/Kruthi/dsAlgo2025/Ds-Algo2025/src/test/resources/Feature/Arrays.feature:124)
]]>
    </failure>
  </testcase> <!-- runScenario -->
  <testcase classname="testRunner.DsalgoRunner" name="runScenario" time="9.240"/>
  <testcase classname="testRunner.DsalgoRunner" name="runScenario" time="3.034"/>
  <testcase classname="testRunner.DsalgoRunner" name="runScenario" time="5.884"/>
  <testcase classname="testRunner.DsalgoRunner" name="runScenario" time="5.258"/>
  <testcase classname="testRunner.DsalgoRunner" name="runScenario" time="3.168"/>
  <testcase classname="testRunner.DsalgoRunner" name="runScenario" time="7.181"/>
  <testcase classname="testRunner.DsalgoRunner" name="runScenario" time="7.276"/>
  <testcase classname="testRunner.DsalgoRunner" name="runScenario" time="5.796"/>
  <testcase classname="testRunner.DsalgoRunner" name="runScenario" time="6.109"/>
  <testcase classname="testRunner.DsalgoRunner" name="runScenario" time="3.288"/>
  <testcase classname="testRunner.DsalgoRunner" name="runScenario" time="6.189"/>
  <testcase classname="testRunner.DsalgoRunner" name="runScenario" time="3.418"/>
  <testcase classname="testRunner.DsalgoRunner" name="runScenario" time="3.018"/>
  <testcase classname="testRunner.DsalgoRunner" name="runScenario" time="10.231"/>
  <testcase classname="testRunner.DsalgoRunner" name="runScenario" time="5.529"/>
  <testcase classname="testRunner.DsalgoRunner" name="runScenario" time="5.759"/>
  <testcase classname="testRunner.DsalgoRunner" name="runScenario" time="3.514"/>
  <testcase classname="testRunner.DsalgoRunner" name="runScenario" time="4.235"/>
  <testcase classname="testRunner.DsalgoRunner" name="runScenario" time="8.722"/>
  <testcase classname="testRunner.DsalgoRunner" name="runScenario" time="9.171"/>
  <testcase classname="testRunner.DsalgoRunner" name="runScenario" time="8.737"/>
  <testcase classname="testRunner.DsalgoRunner" name="runScenario" time="6.599"/>
  <testcase classname="testRunner.DsalgoRunner" name="runScenario" time="8.423"/>
  <testcase classname="testRunner.DsalgoRunner" name="runScenario" time="4.770"/>
  <testcase classname="testRunner.DsalgoRunner" name="runScenario" time="9.821"/>
  <testcase classname="testRunner.DsalgoRunner" name="runScenario" time="5.438"/>
  <testcase classname="testRunner.DsalgoRunner" name="runScenario" time="7.957"/>
  <testcase classname="testRunner.DsalgoRunner" name="runScenario" time="4.440"/>
  <testcase classname="testRunner.DsalgoRunner" name="runScenario" time="7.289"/>
  <testcase classname="testRunner.DsalgoRunner" name="runScenario" time="5.079"/>
</testsuite> <!-- testRunner.DsalgoRunner -->
