<?xml version="1.0" encoding="UTF-8"?>
<!-- Generated by org.testng.reporters.JUnitReportReporter -->
<testsuite hostname="LAPTOP-2KQV9F30" failures="3" tests="19" name="testRunner.DsalgoRunner" time="101.826" errors="0" timestamp="2025-05-09T00:59:45 CDT" skipped="0">
  <testcase classname="testRunner.DsalgoRunner" name="runScenario" time="4.415"/>
  <testcase classname="testRunner.DsalgoRunner" name="runScenario" time="4.482"/>
  <testcase classname="testRunner.DsalgoRunner" name="runScenario" time="5.771"/>
  <testcase classname="testRunner.DsalgoRunner" name="runScenario" time="5.502"/>
  <testcase classname="testRunner.DsalgoRunner" name="runScenario" time="5.518"/>
  <testcase classname="testRunner.DsalgoRunner" name="runScenario" time="5.364"/>
  <testcase classname="testRunner.DsalgoRunner" name="runScenario" time="5.388"/>
  <testcase classname="testRunner.DsalgoRunner" name="runScenario" time="6.001"/>
  <testcase classname="testRunner.DsalgoRunner" name="runScenario" time="5.415">
    <failure message="Bug: No alert displayed when clicking Run without entering code." type="java.lang.AssertionError">
      <![CDATA[java.lang.AssertionError: Bug: No alert displayed when clicking Run without entering code.
at org.testng.Assert.fail(Assert.java:111)
at stepDefinitions.StackStep.the_user_is_able_to_see_an_error_message_in_alert_window(StackStep.java:137)
at ✽.The user is able to see an error message in alert window(file:///C:/Workspace/Ds-Algo2025/src/test/resources/Feature/Stack.feature:32)
]]>
    </failure>
  </testcase> <!-- runScenario -->
  <testcase classname="testRunner.DsalgoRunner" name="runScenario" time="4.158"/>
  <testcase classname="testRunner.DsalgoRunner" name="runScenario" time="8.306"/>
  <testcase classname="testRunner.DsalgoRunner" name="runScenario" time="4.893"/>
  <testcase classname="testRunner.DsalgoRunner" name="runScenario" time="4.448"/>
  <testcase classname="testRunner.DsalgoRunner" name="runScenario" time="4.561"/>
  <testcase classname="testRunner.DsalgoRunner" name="runScenario" time="5.720"/>
  <testcase classname="testRunner.DsalgoRunner" name="runScenario" time="5.420"/>
  <testcase classname="testRunner.DsalgoRunner" name="runScenario" time="5.804">
    <failure message="Bug: No alert displayed when clicking Run without entering code." type="java.lang.AssertionError">
      <![CDATA[java.lang.AssertionError: Bug: No alert displayed when clicking Run without entering code.
at org.testng.Assert.fail(Assert.java:111)
at stepDefinitions.StackStep.the_user_is_able_to_see_an_error_message_in_alert_window(StackStep.java:137)
at ✽.The user is able to see an error message in alert window(file:///C:/Workspace/Ds-Algo2025/src/test/resources/Feature/Stack.feature:94)
]]>
    </failure>
  </testcase> <!-- runScenario -->
  <testcase classname="testRunner.DsalgoRunner" name="runScenario" time="6.205">
    <failure message="Bug: No alert displayed when clicking Run without entering code." type="java.lang.AssertionError">
      <![CDATA[java.lang.AssertionError: Bug: No alert displayed when clicking Run without entering code.
at org.testng.Assert.fail(Assert.java:111)
at stepDefinitions.StackStep.the_user_is_able_to_see_an_error_message_in_alert_window(StackStep.java:137)
at ✽.The user is able to see an error message in alert window(file:///C:/Workspace/Ds-Algo2025/src/test/resources/Feature/Stack.feature:63)
]]>
    </failure>
  </testcase> <!-- runScenario -->
  <testcase classname="testRunner.DsalgoRunner" name="runScenario" time="4.455"/>
</testsuite> <!-- testRunner.DsalgoRunner -->
