<?xml version="1.0" encoding="UTF-8"?>
<!-- Generated by org.testng.reporters.JUnitReportReporter -->
<testsuite hostname="LAPTOP-12AOOIRF" failures="0" tests="5" name="testRunner.DsalgoRunner" time="36.049" errors="0" timestamp="2025-05-09T11:43:42 EDT" skipped="0">
  <testcase classname="testRunner.DsalgoRunner" name="runScenario" time="8.376"/>
  <testcase classname="testRunner.DsalgoRunner" name="runScenario" time="6.314"/>
  <testcase classname="testRunner.DsalgoRunner" name="runScenario" time="8.624"/>
  <testcase classname="testRunner.DsalgoRunner" name="runScenario" time="6.726"/>
  <testcase classname="testRunner.DsalgoRunner" name="runScenario" time="6.009"/>
</testsuite> <!-- testRunner.DsalgoRunner -->
