<?xml version="1.0" encoding="UTF-8"?>
<!-- Generated by org.testng.reporters.JUnitReportReporter -->
<testsuite hostname="Muralis-MBP.attlocal.net" failures="0" tests="1" name="testRunner.DsalgoRunner" time="5.880" errors="0" timestamp="2025-04-21T15:29:31 PDT" skipped="0">
  <testcase classname="testRunner.DsalgoRunner" name="runScenario" time="5.880"/>
</testsuite> <!-- testRunner.DsalgoRunner -->
