<?xml version="1.0" encoding="UTF-8"?>
<!-- Generated by org.testng.reporters.JUnitReportReporter -->
<testsuite hostname="DESKTOP-TCJEROD" failures="0" tests="6" name="testRunner.DsalgoRunner" time="45.647" errors="0" timestamp="2025-04-27T17:24:36 PDT" skipped="0">
  <testcase classname="testRunner.DsalgoRunner" name="runScenario" time="8.232"/>
  <testcase classname="testRunner.DsalgoRunner" name="runScenario" time="6.569"/>
  <testcase classname="testRunner.DsalgoRunner" name="runScenario" time="8.748"/>
  <testcase classname="testRunner.DsalgoRunner" name="runScenario" time="8.571"/>
  <testcase classname="testRunner.DsalgoRunner" name="runScenario" time="6.931"/>
  <testcase classname="testRunner.DsalgoRunner" name="runScenario" time="6.596"/>
</testsuite> <!-- testRunner.DsalgoRunner -->
